{
  "stats": {
    "suites": 1,
    "tests": 18,
    "passes": 18,
    "pending": 0,
    "failures": 0,
    "start": "2022-05-12T14:05:47.209Z",
    "end": "2022-05-12T14:06:01.690Z",
    "duration": 14481,
    "testsRegistered": 18,
    "passPercent": 100,
    "pendingPercent": 0,
    "other": 0,
    "hasOther": false,
    "skipped": 0,
    "hasSkipped": false
  },
  "results": [
    {
      "uuid": "13fdd13e-3c09-492e-869f-1d8232ea3413",
      "title": "",
      "fullFile": "cypress/integration/2-advanced-examples/traversal.spec.js",
      "file": "cypress/integration/2-advanced-examples/traversal.spec.js",
      "beforeHooks": [],
      "afterHooks": [],
      "tests": [],
      "suites": [
        {
          "uuid": "5badd569-da4a-4ac0-b442-79d5b329a834",
          "title": "Traversal",
          "fullFile": "",
          "file": "",
          "beforeHooks": [],
          "afterHooks": [],
          "tests": [
            {
              "title": ".children() - get child DOM elements",
              "fullTitle": "Traversal .children() - get child DOM elements",
              "timedOut": null,
              "duration": 1676,
              "state": "passed",
              "speed": "fast",
              "pass": true,
              "fail": false,
              "pending": false,
              "context": null,
              "code": "// https://on.cypress.io/children\ncy.get('.traversal-breadcrumb').children('.active').should('contain', 'Data');",
              "err": {},
              "uuid": "980c1488-58ed-4b1b-a319-bc32bfa50ec6",
              "parentUUID": "5badd569-da4a-4ac0-b442-79d5b329a834",
              "isHook": false,
              "skipped": false
            },
            {
              "title": ".closest() - get closest ancestor DOM element",
              "fullTitle": "Traversal .closest() - get closest ancestor DOM element",
              "timedOut": null,
              "duration": 590,
              "state": "passed",
              "speed": "fast",
              "pass": true,
              "fail": false,
              "pending": false,
              "context": null,
              "code": "// https://on.cypress.io/closest\ncy.get('.traversal-badge').closest('ul').should('have.class', 'list-group');",
              "err": {},
              "uuid": "b95749c5-62e8-4d84-b601-aae85c645a66",
              "parentUUID": "5badd569-da4a-4ac0-b442-79d5b329a834",
              "isHook": false,
              "skipped": false
            },
            {
              "title": ".eq() - get a DOM element at a specific index",
              "fullTitle": "Traversal .eq() - get a DOM element at a specific index",
              "timedOut": null,
              "duration": 533,
              "state": "passed",
              "speed": "fast",
              "pass": true,
              "fail": false,
              "pending": false,
              "context": null,
              "code": "// https://on.cypress.io/eq\ncy.get('.traversal-list>li').eq(1).should('contain', 'siamese');",
              "err": {},
              "uuid": "bb074654-e15f-4e9d-8779-7cb6e6b0e203",
              "parentUUID": "5badd569-da4a-4ac0-b442-79d5b329a834",
              "isHook": false,
              "skipped": false
            },
            {
              "title": ".filter() - get DOM elements that match the selector",
              "fullTitle": "Traversal .filter() - get DOM elements that match the selector",
              "timedOut": null,
              "duration": 815,
              "state": "passed",
              "speed": "fast",
              "pass": true,
              "fail": false,
              "pending": false,
              "context": null,
              "code": "// https://on.cypress.io/filter\ncy.get('.traversal-nav>li').filter('.active').should('contain', 'About');",
              "err": {},
              "uuid": "504a4ede-e795-467d-ba0e-bb95e321e4f5",
              "parentUUID": "5badd569-da4a-4ac0-b442-79d5b329a834",
              "isHook": false,
              "skipped": false
            },
            {
              "title": ".find() - get descendant DOM elements of the selector",
              "fullTitle": "Traversal .find() - get descendant DOM elements of the selector",
              "timedOut": null,
              "duration": 616,
              "state": "passed",
              "speed": "fast",
              "pass": true,
              "fail": false,
              "pending": false,
              "context": null,
              "code": "// https://on.cypress.io/find\ncy.get('.traversal-pagination').find('li').find('a').should('have.length', 7);",
              "err": {},
              "uuid": "d0ddc5f0-4bb6-456e-a6cc-c2725ee10b9f",
              "parentUUID": "5badd569-da4a-4ac0-b442-79d5b329a834",
              "isHook": false,
              "skipped": false
            },
            {
              "title": ".first() - get first DOM element",
              "fullTitle": "Traversal .first() - get first DOM element",
              "timedOut": null,
              "duration": 424,
              "state": "passed",
              "speed": "fast",
              "pass": true,
              "fail": false,
              "pending": false,
              "context": null,
              "code": "// https://on.cypress.io/first\ncy.get('.traversal-table td').first().should('contain', '1');",
              "err": {},
              "uuid": "66c73173-3bb8-4291-9890-37fca1fef984",
              "parentUUID": "5badd569-da4a-4ac0-b442-79d5b329a834",
              "isHook": false,
              "skipped": false
            },
            {
              "title": ".last() - get last DOM element",
              "fullTitle": "Traversal .last() - get last DOM element",
              "timedOut": null,
              "duration": 764,
              "state": "passed",
              "speed": "fast",
              "pass": true,
              "fail": false,
              "pending": false,
              "context": null,
              "code": "// https://on.cypress.io/last\ncy.get('.traversal-buttons .btn').last().should('contain', 'Submit');",
              "err": {},
              "uuid": "2a635318-f3d8-43f9-96e4-b274772ac416",
              "parentUUID": "5badd569-da4a-4ac0-b442-79d5b329a834",
              "isHook": false,
              "skipped": false
            },
            {
              "title": ".next() - get next sibling DOM element",
              "fullTitle": "Traversal .next() - get next sibling DOM element",
              "timedOut": null,
              "duration": 955,
              "state": "passed",
              "speed": "fast",
              "pass": true,
              "fail": false,
              "pending": false,
              "context": null,
              "code": "// https://on.cypress.io/next\ncy.get('.traversal-ul').contains('apples').next().should('contain', 'oranges');",
              "err": {},
              "uuid": "c65fa08a-15c4-48a5-ac55-39a012710eb4",
              "parentUUID": "5badd569-da4a-4ac0-b442-79d5b329a834",
              "isHook": false,
              "skipped": false
            },
            {
              "title": ".nextAll() - get all next sibling DOM elements",
              "fullTitle": "Traversal .nextAll() - get all next sibling DOM elements",
              "timedOut": null,
              "duration": 699,
              "state": "passed",
              "speed": "fast",
              "pass": true,
              "fail": false,
              "pending": false,
              "context": null,
              "code": "// https://on.cypress.io/nextall\ncy.get('.traversal-next-all').contains('oranges').nextAll().should('have.length', 3);",
              "err": {},
              "uuid": "76f67d51-843b-4b4e-ab01-25478c934ebb",
              "parentUUID": "5badd569-da4a-4ac0-b442-79d5b329a834",
              "isHook": false,
              "skipped": false
            },
            {
              "title": ".nextUntil() - get next sibling DOM elements until next el",
              "fullTitle": "Traversal .nextUntil() - get next sibling DOM elements until next el",
              "timedOut": null,
              "duration": 504,
              "state": "passed",
              "speed": "fast",
              "pass": true,
              "fail": false,
              "pending": false,
              "context": null,
              "code": "// https://on.cypress.io/nextuntil\ncy.get('#veggies').nextUntil('#nuts').should('have.length', 3);",
              "err": {},
              "uuid": "cbbd7d6e-48c5-466b-b70d-97b0ff6f9aa5",
              "parentUUID": "5badd569-da4a-4ac0-b442-79d5b329a834",
              "isHook": false,
              "skipped": false
            },
            {
              "title": ".not() - remove DOM elements from set of DOM elements",
              "fullTitle": "Traversal .not() - remove DOM elements from set of DOM elements",
              "timedOut": null,
              "duration": 424,
              "state": "passed",
              "speed": "fast",
              "pass": true,
              "fail": false,
              "pending": false,
              "context": null,
              "code": "// https://on.cypress.io/not\ncy.get('.traversal-disabled .btn').not('[disabled]').should('not.contain', 'Disabled');",
              "err": {},
              "uuid": "47de4e92-b70f-4a83-b839-41fae8775aca",
              "parentUUID": "5badd569-da4a-4ac0-b442-79d5b329a834",
              "isHook": false,
              "skipped": false
            },
            {
              "title": ".parent() - get parent DOM element from DOM elements",
              "fullTitle": "Traversal .parent() - get parent DOM element from DOM elements",
              "timedOut": null,
              "duration": 417,
              "state": "passed",
              "speed": "fast",
              "pass": true,
              "fail": false,
              "pending": false,
              "context": null,
              "code": "// https://on.cypress.io/parent\ncy.get('.traversal-mark').parent().should('contain', 'Morbi leo risus');",
              "err": {},
              "uuid": "1ac64e2c-ef9c-46d4-b41b-0ed90c4c752a",
              "parentUUID": "5badd569-da4a-4ac0-b442-79d5b329a834",
              "isHook": false,
              "skipped": false
            },
            {
              "title": ".parents() - get parent DOM elements from DOM elements",
              "fullTitle": "Traversal .parents() - get parent DOM elements from DOM elements",
              "timedOut": null,
              "duration": 722,
              "state": "passed",
              "speed": "fast",
              "pass": true,
              "fail": false,
              "pending": false,
              "context": null,
              "code": "// https://on.cypress.io/parents\ncy.get('.traversal-cite').parents().should('match', 'blockquote');",
              "err": {},
              "uuid": "ab4fed9a-f3fc-4793-add4-f07f3e6b8f56",
              "parentUUID": "5badd569-da4a-4ac0-b442-79d5b329a834",
              "isHook": false,
              "skipped": false
            },
            {
              "title": ".parentsUntil() - get parent DOM elements from DOM elements until el",
              "fullTitle": "Traversal .parentsUntil() - get parent DOM elements from DOM elements until el",
              "timedOut": null,
              "duration": 610,
              "state": "passed",
              "speed": "fast",
              "pass": true,
              "fail": false,
              "pending": false,
              "context": null,
              "code": "// https://on.cypress.io/parentsuntil\ncy.get('.clothes-nav').find('.active').parentsUntil('.clothes-nav').should('have.length', 2);",
              "err": {},
              "uuid": "b0dbd978-f445-461a-8a84-47095102506a",
              "parentUUID": "5badd569-da4a-4ac0-b442-79d5b329a834",
              "isHook": false,
              "skipped": false
            },
            {
              "title": ".prev() - get previous sibling DOM element",
              "fullTitle": "Traversal .prev() - get previous sibling DOM element",
              "timedOut": null,
              "duration": 523,
              "state": "passed",
              "speed": "fast",
              "pass": true,
              "fail": false,
              "pending": false,
              "context": null,
              "code": "// https://on.cypress.io/prev\ncy.get('.birds').find('.active').prev().should('contain', 'Lorikeets');",
              "err": {},
              "uuid": "95292029-2f58-4a97-9f44-f91b4a8c2ff8",
              "parentUUID": "5badd569-da4a-4ac0-b442-79d5b329a834",
              "isHook": false,
              "skipped": false
            },
            {
              "title": ".prevAll() - get all previous sibling DOM elements",
              "fullTitle": "Traversal .prevAll() - get all previous sibling DOM elements",
              "timedOut": null,
              "duration": 498,
              "state": "passed",
              "speed": "fast",
              "pass": true,
              "fail": false,
              "pending": false,
              "context": null,
              "code": "// https://on.cypress.io/prevall\ncy.get('.fruits-list').find('.third').prevAll().should('have.length', 2);",
              "err": {},
              "uuid": "3db06874-9437-4ac5-9323-2d33e0fd8756",
              "parentUUID": "5badd569-da4a-4ac0-b442-79d5b329a834",
              "isHook": false,
              "skipped": false
            },
            {
              "title": ".prevUntil() - get all previous sibling DOM elements until el",
              "fullTitle": "Traversal .prevUntil() - get all previous sibling DOM elements until el",
              "timedOut": null,
              "duration": 426,
              "state": "passed",
              "speed": "fast",
              "pass": true,
              "fail": false,
              "pending": false,
              "context": null,
              "code": "// https://on.cypress.io/prevuntil\ncy.get('.foods-list').find('#nuts').prevUntil('#veggies').should('have.length', 3);",
              "err": {},
              "uuid": "3b130653-8aca-4efd-91e4-22ff79ac3185",
              "parentUUID": "5badd569-da4a-4ac0-b442-79d5b329a834",
              "isHook": false,
              "skipped": false
            },
            {
              "title": ".siblings() - get all sibling DOM elements",
              "fullTitle": "Traversal .siblings() - get all sibling DOM elements",
              "timedOut": null,
              "duration": 621,
              "state": "passed",
              "speed": "fast",
              "pass": true,
              "fail": false,
              "pending": false,
              "context": null,
              "code": "// https://on.cypress.io/siblings\ncy.get('.traversal-pills .active').siblings().should('have.length', 2);",
              "err": {},
              "uuid": "fbe176ac-6aa9-4260-97bc-f652ba86fabe",
              "parentUUID": "5badd569-da4a-4ac0-b442-79d5b329a834",
              "isHook": false,
              "skipped": false
            }
          ],
          "suites": [],
          "passes": [
            "980c1488-58ed-4b1b-a319-bc32bfa50ec6",
            "b95749c5-62e8-4d84-b601-aae85c645a66",
            "bb074654-e15f-4e9d-8779-7cb6e6b0e203",
            "504a4ede-e795-467d-ba0e-bb95e321e4f5",
            "d0ddc5f0-4bb6-456e-a6cc-c2725ee10b9f",
            "66c73173-3bb8-4291-9890-37fca1fef984",
            "2a635318-f3d8-43f9-96e4-b274772ac416",
            "c65fa08a-15c4-48a5-ac55-39a012710eb4",
            "76f67d51-843b-4b4e-ab01-25478c934ebb",
            "cbbd7d6e-48c5-466b-b70d-97b0ff6f9aa5",
            "47de4e92-b70f-4a83-b839-41fae8775aca",
            "1ac64e2c-ef9c-46d4-b41b-0ed90c4c752a",
            "ab4fed9a-f3fc-4793-add4-f07f3e6b8f56",
            "b0dbd978-f445-461a-8a84-47095102506a",
            "95292029-2f58-4a97-9f44-f91b4a8c2ff8",
            "3db06874-9437-4ac5-9323-2d33e0fd8756",
            "3b130653-8aca-4efd-91e4-22ff79ac3185",
            "fbe176ac-6aa9-4260-97bc-f652ba86fabe"
          ],
          "failures": [],
          "pending": [],
          "skipped": [],
          "duration": 11817,
          "root": false,
          "rootEmpty": false,
          "_timeout": 2000
        }
      ],
      "passes": [],
      "failures": [],
      "pending": [],
      "skipped": [],
      "duration": 0,
      "root": true,
      "rootEmpty": true,
      "_timeout": 2000
    }
  ],
  "meta": {
    "mocha": {
      "version": "7.0.1"
    },
    "mochawesome": {
      "options": {
        "quiet": false,
        "reportFilename": "mochawesome",
        "saveHtml": false,
        "saveJson": true,
        "consoleReporter": "spec",
        "useInlineDiffs": false,
        "code": true
      },
      "version": "6.3.1"
    },
    "marge": {
      "options": {
        "id": "default",
        "reportDir": "cypress/report/mochawesome-report",
        "quite": true,
        "overwrite": false,
        "html": false,
        "json": true
      },
      "version": "5.2.0"
    }
  }
}